<?xml version="1.0" encoding="UTF-8"?>
<testsuite name="com.example.community.board.controller.FreeBoardControllerTest" tests="1" skipped="0" failures="0" errors="0" timestamp="2024-08-17T21:50:07" hostname="-" time="0.432">
  <properties/>
  <testcase name="testGetAllFreeArticles()" classname="com.example.community.board.controller.FreeBoardControllerTest" time="0.432"/>
  <system-out><![CDATA[06:50:02.613 [Test worker] INFO org.springframework.test.context.support.AnnotationConfigContextLoaderUtils -- Could not detect default configuration classes for test class [com.example.community.board.controller.FreeBoardControllerTest]: FreeBoardControllerTest does not declare any static, non-private, non-final, nested classes annotated with @Configuration.
06:50:02.823 [Test worker] INFO org.springframework.boot.test.context.SpringBootTestContextBootstrapper -- Found @SpringBootConfiguration com.example.community.CommunityApplication for test class com.example.community.board.controller.FreeBoardControllerTest

  .   ____          _            __ _ _
 /\\ / ___'_ __ _ _(_)_ __  __ _ \ \ \ \
( ( )\___ | '_ | '_| | '_ \/ _` | \ \ \ \
 \\/  ___)| |_)| | | | | || (_| |  ) ) ) )
  '  |____| .__|_| |_|_| |_\__, | / / / /
 =========|_|==============|___/=/_/_/_/
 :: Spring Boot ::                (v3.1.0)

2024-08-18T06:50:03.447+09:00  INFO 27504 --- [    Test worker] c.e.c.b.c.FreeBoardControllerTest        : Starting FreeBoardControllerTest using Java 17 with PID 27504 (started by dltmd in C:\practice\communityBE)
2024-08-18T06:50:03.450+09:00  INFO 27504 --- [    Test worker] c.e.c.b.c.FreeBoardControllerTest        : No active profile set, falling back to 1 default profile: "default"
2024-08-18T06:50:06.633+09:00  WARN 27504 --- [    Test worker] .s.s.UserDetailsServiceAutoConfiguration : 

Using generated security password: a68bb3f0-f88f-4502-9287-c13ae002532f

This generated password is for development use only. Your security configuration must be updated before running your application in production.

2024-08-18T06:50:06.873+09:00  INFO 27504 --- [    Test worker] o.s.s.web.DefaultSecurityFilterChain     : Will secure any request with [org.springframework.security.web.session.DisableEncodeUrlFilter@6eaa6b0c, org.springframework.security.web.context.request.async.WebAsyncManagerIntegrationFilter@4afcae7, org.springframework.security.web.context.SecurityContextHolderFilter@68b3248a, org.springframework.security.web.header.HeaderWriterFilter@35e07e19, org.springframework.security.web.csrf.CsrfFilter@7f5e6833, org.springframework.security.web.authentication.logout.LogoutFilter@3dda8a2e, org.springframework.security.web.authentication.UsernamePasswordAuthenticationFilter@3f0c6b3c, org.springframework.security.web.authentication.ui.DefaultLoginPageGeneratingFilter@6dd20ec9, org.springframework.security.web.authentication.ui.DefaultLogoutPageGeneratingFilter@6cd2cb2, org.springframework.security.web.authentication.www.BasicAuthenticationFilter@17d2b646, org.springframework.security.web.savedrequest.RequestCacheAwareFilter@20fcea37, org.springframework.security.web.servletapi.SecurityContextHolderAwareRequestFilter@7d088813, org.springframework.security.web.authentication.AnonymousAuthenticationFilter@3a2bb026, org.springframework.security.web.access.ExceptionTranslationFilter@601d295, org.springframework.security.web.access.intercept.AuthorizationFilter@7657d90b]
2024-08-18T06:50:06.958+09:00  INFO 27504 --- [    Test worker] o.s.b.t.m.w.SpringBootMockServletContext : Initializing Spring TestDispatcherServlet ''
2024-08-18T06:50:06.959+09:00  INFO 27504 --- [    Test worker] o.s.t.web.servlet.TestDispatcherServlet  : Initializing Servlet ''
2024-08-18T06:50:06.962+09:00  INFO 27504 --- [    Test worker] o.s.t.web.servlet.TestDispatcherServlet  : Completed initialization in 2 ms
2024-08-18T06:50:07.015+09:00  INFO 27504 --- [    Test worker] c.e.c.b.c.FreeBoardControllerTest        : Started FreeBoardControllerTest in 4.07 seconds (process running for 5.822)
2024-08-18T06:50:07.207+09:00  INFO 27504 --- [    Test worker] c.e.c.b.controller.FreeBoardController   : =====> 게시글 조회 성공[com.example.community.board.model.Article@4ab455e2]
]]></system-out>
  <system-err><![CDATA[]]></system-err>
</testsuite>
